<?xml version="1.0" encoding="utf-8"?><testsuites name="pytest tests"><testsuite name="pytest" errors="0" failures="0" skipped="0" tests="22" time="3.365" timestamp="2026-04-20T12:10:14.308588+00:00" hostname="agent-env-d272be9e-e5a7-4549-9e0d-d2e5bd109dec"><testcase classname="backend.tests.backend_test.TestPublic" name="test_root" time="0.279" /><testcase classname="backend.tests.backend_test.TestPublic" name="test_categories" time="0.043" /><testcase classname="backend.tests.backend_test.TestPublic" name="test_tutorials_list" time="0.049" /><testcase classname="backend.tests.backend_test.TestPublic" name="test_tutorials_filter_category" time="0.048" /><testcase classname="backend.tests.backend_test.TestPublic" name="test_tutorials_search_q" time="0.043" /><testcase classname="backend.tests.backend_test.TestPublic" name="test_tutorials_featured" time="0.045" /><testcase classname="backend.tests.backend_test.TestPublic" name="test_tutorial_by_slug" time="0.044" /><testcase classname="backend.tests.backend_test.TestPublic" name="test_tutorial_slug_404" time="0.045" /><testcase classname="backend.tests.backend_test.TestAuth" name="test_creator_login" time="0.270" /><testcase classname="backend.tests.backend_test.TestAuth" name="test_admin_login" time="0.264" /><testcase classname="backend.tests.backend_test.TestAuth" name="test_invalid_login" time="0.265" /><testcase classname="backend.tests.backend_test.TestAuth" name="test_me_endpoint" time="0.310" /><testcase classname="backend.tests.backend_test.TestAuth" name="test_me_no_token" time="0.110" /><testcase classname="backend.tests.backend_test.TestUsers" name="test_list_users_as_creator" time="0.047" /><testcase classname="backend.tests.backend_test.TestUsers" name="test_list_users_as_admin_forbidden" time="0.347" /><testcase classname="backend.tests.backend_test.TestUsers" name="test_user_crud" time="0.407" /><testcase classname="backend.tests.backend_test.TestUsers" name="test_cannot_delete_self" time="0.091" /><testcase classname="backend.tests.backend_test.TestUsers" name="test_cannot_delete_last_creator" time="0.056" /><testcase classname="backend.tests.backend_test.TestTutorialsAdmin" name="test_admin_list_tutorials_as_admin" time="0.053" /><testcase classname="backend.tests.backend_test.TestTutorialsAdmin" name="test_admin_list_unauthed" time="0.144" /><testcase classname="backend.tests.backend_test.TestTutorialsAdmin" name="test_tutorial_crud_as_creator" time="0.228" /><testcase classname="backend.tests.backend_test.TestTutorialsAdmin" name="test_admin_can_create_tutorial" time="0.092" /></testsuite></testsuites>