<?xml version="1.0" encoding="utf-8"?><testsuites name="pytest tests"><testsuite name="pytest" errors="0" failures="0" skipped="0" tests="36" time="6.973" timestamp="2026-04-20T12:33:01.534826+00:00" hostname="agent-env-d272be9e-e5a7-4549-9e0d-d2e5bd109dec"><testcase classname="backend.tests.test_comments_uploads.TestPublicComments" name="test_create_comment_valid_slug" time="0.200" /><testcase classname="backend.tests.test_comments_uploads.TestPublicComments" name="test_create_comment_invalid_slug" time="0.051" /><testcase classname="backend.tests.test_comments_uploads.TestPublicComments" name="test_create_comment_validation_short_content" time="0.045" /><testcase classname="backend.tests.test_comments_uploads.TestPublicComments" name="test_list_public_only_approved" time="0.474" /><testcase classname="backend.tests.test_comments_uploads.TestAdminComments" name="test_list_requires_auth" time="0.107" /><testcase classname="backend.tests.test_comments_uploads.TestAdminComments" name="test_patch_requires_auth" time="0.133" /><testcase classname="backend.tests.test_comments_uploads.TestAdminComments" name="test_delete_requires_auth" time="0.119" /><testcase classname="backend.tests.test_comments_uploads.TestAdminComments" name="test_admin_full_moderation_flow" time="0.401" /><testcase classname="backend.tests.test_comments_uploads.TestAdminComments" name="test_creator_can_moderate" time="0.316" /><testcase classname="backend.tests.test_comments_uploads.TestUploads" name="test_upload_requires_auth" time="0.149" /><testcase classname="backend.tests.test_comments_uploads.TestUploads" name="test_upload_png_and_serve" time="0.577" /><testcase classname="backend.tests.test_comments_uploads.TestUploads" name="test_upload_rejects_non_image" time="0.190" /><testcase classname="backend.tests.test_comments_uploads.TestUploads" name="test_upload_rejects_too_large" time="0.502" /><testcase classname="backend.tests.test_comments_uploads.TestUploads" name="test_files_404" time="0.479" /><testcase classname="backend.tests.backend_test.TestPublic" name="test_root" time="0.100" /><testcase classname="backend.tests.backend_test.TestPublic" name="test_categories" time="0.044" /><testcase classname="backend.tests.backend_test.TestPublic" name="test_tutorials_list" time="0.050" /><testcase classname="backend.tests.backend_test.TestPublic" name="test_tutorials_filter_category" time="0.045" /><testcase classname="backend.tests.backend_test.TestPublic" name="test_tutorials_search_q" time="0.042" /><testcase classname="backend.tests.backend_test.TestPublic" name="test_tutorials_featured" time="0.046" /><testcase classname="backend.tests.backend_test.TestPublic" name="test_tutorial_by_slug" time="0.048" /><testcase classname="backend.tests.backend_test.TestPublic" name="test_tutorial_slug_404" time="0.044" /><testcase classname="backend.tests.backend_test.TestAuth" name="test_creator_login" time="0.267" /><testcase classname="backend.tests.backend_test.TestAuth" name="test_admin_login" time="0.268" /><testcase classname="backend.tests.backend_test.TestAuth" name="test_invalid_login" time="0.267" /><testcase classname="backend.tests.backend_test.TestAuth" name="test_me_endpoint" time="0.324" /><testcase classname="backend.tests.backend_test.TestAuth" name="test_me_no_token" time="0.157" /><testcase classname="backend.tests.backend_test.TestUsers" name="test_list_users_as_creator" time="0.046" /><testcase classname="backend.tests.backend_test.TestUsers" name="test_list_users_as_admin_forbidden" time="0.311" /><testcase classname="backend.tests.backend_test.TestUsers" name="test_user_crud" time="0.413" /><testcase classname="backend.tests.backend_test.TestUsers" name="test_cannot_delete_self" time="0.087" /><testcase classname="backend.tests.backend_test.TestUsers" name="test_cannot_delete_last_creator" time="0.084" /><testcase classname="backend.tests.backend_test.TestTutorialsAdmin" name="test_admin_list_tutorials_as_admin" time="0.051" /><testcase classname="backend.tests.backend_test.TestTutorialsAdmin" name="test_admin_list_unauthed" time="0.125" /><testcase classname="backend.tests.backend_test.TestTutorialsAdmin" name="test_tutorial_crud_as_creator" time="0.224" /><testcase classname="backend.tests.backend_test.TestTutorialsAdmin" name="test_admin_can_create_tutorial" time="0.090" /></testsuite></testsuites>